;  LST file generated by mikroListExporter - v.2.0 
; Date/Time: 8/8/2024 1:48:10 PM
;----------------------------------------------

;Address Opcode 	ASM
0x0000	0x29BA      	GOTO       442
_interrupt:
0x0004	0x00FF      	MOVWF      R15
0x0005	0x0E03      	SWAPF      STATUS, 0
0x0006	0x0183      	CLRF       STATUS
0x0007	0x00B1      	MOVWF      ___saveSTATUS
0x0008	0x080A      	MOVF       PCLATH, 0
0x0009	0x00B2      	MOVWF      ___savePCLATH
0x000A	0x018A      	CLRF       PCLATH
0x000B	0x0870      	MOVF       R0, 0
0x000C	0x00A3      	MOVWF      35
0x000D	0x087B      	MOVF       R11, 0
0x000E	0x00A2      	MOVWF      34
0x000F	0x087C      	MOVF       R12, 0
0x0010	0x00A1      	MOVWF      33
0x0011	0x087D      	MOVF       R13, 0
0x0012	0x00A0      	MOVWF      32
0x0013	0x0804      	MOVF       FSR, 0
0x0014	0x00A4      	MOVWF      36
;MyProject.c,61 :: 		void interrupt(){
;MyProject.c,63 :: 		if(PORTB.B0 == 0){
0x0015	0x1806      	BTFSC      PORTB, 0
0x0016	0x2819      	GOTO       L_interrupt16
;MyProject.c,64 :: 		INTCON.INTF = 0;
0x0017	0x108B      	BCF        INTCON, 1
;MyProject.c,65 :: 		return;
0x0018	0x288C      	GOTO       L__interrupt52
;MyProject.c,66 :: 		}
L_interrupt16:
;MyProject.c,68 :: 		if(PORTB.B4 == 1){
0x0019	0x1E06      	BTFSS      PORTB, 4
0x001A	0x2854      	GOTO       L_interrupt17
;MyProject.c,69 :: 		int c = 3;
0x001B	0x3003      	MOVLW      3
0x001C	0x00C9      	MOVWF      interrupt_c_L1
0x001D	0x3000      	MOVLW      0
0x001E	0x00CA      	MOVWF      interrupt_c_L1+1
;MyProject.c,71 :: 		PORTD = 0xff;
0x001F	0x30FF      	MOVLW      255
0x0020	0x0088      	MOVWF      PORTD
;MyProject.c,72 :: 		PORTC = 0x0;
0x0021	0x0187      	CLRF       PORTC
;MyProject.c,73 :: 		PORTE = 0x0;
0x0022	0x0189      	CLRF       PORTE
;MyProject.c,74 :: 		PORTA = 0x0;
0x0023	0x0185      	CLRF       PORTA
;MyProject.c,76 :: 		for(c;c>0;c--){
L_interrupt18:
0x0024	0x3080      	MOVLW      128
0x0025	0x00F0      	MOVWF      R0
0x0026	0x3080      	MOVLW      128
0x0027	0x064A      	XORWF      interrupt_c_L1+1, 0
0x0028	0x0270      	SUBWF      R0, 0
0x0029	0x1D03      	BTFSS      STATUS, 2
0x002A	0x282D      	GOTO       L__interrupt53
0x002B	0x0849      	MOVF       interrupt_c_L1, 0
0x002C	0x3C00      	SUBLW      0
L__interrupt53:
0x002D	0x1803      	BTFSC      STATUS, 0
0x002E	0x2849      	GOTO       L_interrupt19
;MyProject.c,78 :: 		PORTA.B1 = 1;
0x002F	0x1485      	BSF        PORTA, 1
;MyProject.c,80 :: 		PORTD.B3 = 0x0;
0x0030	0x1188      	BCF        PORTD, 3
;MyProject.c,81 :: 		PORTC = arr[c];
0x0031	0x0849      	MOVF       interrupt_c_L1, 0
0x0032	0x3E25      	ADDLW      _arr
0x0033	0x0084      	MOVWF      FSR
0x0034	0x0800      	MOVF       INDF, 0
0x0035	0x0087      	MOVWF      PORTC
;MyProject.c,82 :: 		delay_ms(1000);
0x0036	0x300B      	MOVLW      11
0x0037	0x00FB      	MOVWF      R11
0x0038	0x3026      	MOVLW      38
0x0039	0x00FC      	MOVWF      R12
0x003A	0x305D      	MOVLW      93
0x003B	0x00FD      	MOVWF      R13
L_interrupt21:
0x003C	0x0BFD      	DECFSZ     R13, 1
0x003D	0x283C      	GOTO       L_interrupt21
0x003E	0x0BFC      	DECFSZ     R12, 1
0x003F	0x283C      	GOTO       L_interrupt21
0x0040	0x0BFB      	DECFSZ     R11, 1
0x0041	0x283C      	GOTO       L_interrupt21
0x0042	0x0000      	NOP
0x0043	0x0000      	NOP
;MyProject.c,76 :: 		for(c;c>0;c--){
0x0044	0x3001      	MOVLW      1
0x0045	0x02C9      	SUBWF      interrupt_c_L1, 1
0x0046	0x1C03      	BTFSS      STATUS, 0
0x0047	0x03CA      	DECF       interrupt_c_L1+1, 1
;MyProject.c,83 :: 		}
0x0048	0x2824      	GOTO       L_interrupt18
L_interrupt19:
;MyProject.c,85 :: 		PORTA.B1 = 0;
0x0049	0x1085      	BCF        PORTA, 1
;MyProject.c,87 :: 		PORTC = 0x0;
0x004A	0x0187      	CLRF       PORTC
;MyProject.c,88 :: 		PORTD.B3 = 0xff;
0x004B	0x1588      	BSF        PORTD, 3
;MyProject.c,90 :: 		while(PORTB.B4 == 1 && PORTB.B0 == 1){
L_interrupt22:
0x004C	0x1E06      	BTFSS      PORTB, 4
0x004D	0x2853      	GOTO       L_interrupt23
0x004E	0x1C06      	BTFSS      PORTB, 0
0x004F	0x2853      	GOTO       L_interrupt23
L__interrupt43:
;MyProject.c,91 :: 		PORTE.B0 = 1;
0x0050	0x1409      	BSF        PORTE, 0
;MyProject.c,92 :: 		PORTA.B2 = 1;
0x0051	0x1505      	BSF        PORTA, 2
;MyProject.c,93 :: 		}
0x0052	0x284C      	GOTO       L_interrupt22
L_interrupt23:
;MyProject.c,95 :: 		} else{
0x0053	0x288C      	GOTO       L_interrupt26
L_interrupt17:
;MyProject.c,96 :: 		int c = 3;
0x0054	0x3003      	MOVLW      3
0x0055	0x00CB      	MOVWF      interrupt_c_L1_L1
0x0056	0x3000      	MOVLW      0
0x0057	0x00CC      	MOVWF      interrupt_c_L1_L1+1
;MyProject.c,98 :: 		PORTD = 0xff;
0x0058	0x30FF      	MOVLW      255
0x0059	0x0088      	MOVWF      PORTD
;MyProject.c,99 :: 		PORTC = 0x0;
0x005A	0x0187      	CLRF       PORTC
;MyProject.c,100 :: 		PORTE = 0x0;
0x005B	0x0189      	CLRF       PORTE
;MyProject.c,101 :: 		PORTA = 0x0;
0x005C	0x0185      	CLRF       PORTA
;MyProject.c,103 :: 		for(c;c>0;c--){
L_interrupt27:
0x005D	0x3080      	MOVLW      128
0x005E	0x00F0      	MOVWF      R0
0x005F	0x3080      	MOVLW      128
0x0060	0x064C      	XORWF      interrupt_c_L1_L1+1, 0
0x0061	0x0270      	SUBWF      R0, 0
0x0062	0x1D03      	BTFSS      STATUS, 2
0x0063	0x2866      	GOTO       L__interrupt54
0x0064	0x084B      	MOVF       interrupt_c_L1_L1, 0
0x0065	0x3C00      	SUBLW      0
L__interrupt54:
0x0066	0x1803      	BTFSC      STATUS, 0
0x0067	0x2882      	GOTO       L_interrupt28
;MyProject.c,105 :: 		PORTE.B1 = 1;
0x0068	0x1489      	BSF        PORTE, 1
;MyProject.c,107 :: 		PORTD.B1 = 0x0;
0x0069	0x1088      	BCF        PORTD, 1
;MyProject.c,108 :: 		PORTC = arr[c];
0x006A	0x084B      	MOVF       interrupt_c_L1_L1, 0
0x006B	0x3E25      	ADDLW      _arr
0x006C	0x0084      	MOVWF      FSR
0x006D	0x0800      	MOVF       INDF, 0
0x006E	0x0087      	MOVWF      PORTC
;MyProject.c,109 :: 		delay_ms(1000);
0x006F	0x300B      	MOVLW      11
0x0070	0x00FB      	MOVWF      R11
0x0071	0x3026      	MOVLW      38
0x0072	0x00FC      	MOVWF      R12
0x0073	0x305D      	MOVLW      93
0x0074	0x00FD      	MOVWF      R13
L_interrupt30:
0x0075	0x0BFD      	DECFSZ     R13, 1
0x0076	0x2875      	GOTO       L_interrupt30
0x0077	0x0BFC      	DECFSZ     R12, 1
0x0078	0x2875      	GOTO       L_interrupt30
0x0079	0x0BFB      	DECFSZ     R11, 1
0x007A	0x2875      	GOTO       L_interrupt30
0x007B	0x0000      	NOP
0x007C	0x0000      	NOP
;MyProject.c,103 :: 		for(c;c>0;c--){
0x007D	0x3001      	MOVLW      1
0x007E	0x02CB      	SUBWF      interrupt_c_L1_L1, 1
0x007F	0x1C03      	BTFSS      STATUS, 0
0x0080	0x03CC      	DECF       interrupt_c_L1_L1+1, 1
;MyProject.c,110 :: 		}
0x0081	0x285D      	GOTO       L_interrupt27
L_interrupt28:
;MyProject.c,112 :: 		PORTE.B1 = 0;
0x0082	0x1089      	BCF        PORTE, 1
;MyProject.c,114 :: 		PORTC = 0x0;
0x0083	0x0187      	CLRF       PORTC
;MyProject.c,115 :: 		PORTD.B1 = 0xff;
0x0084	0x1488      	BSF        PORTD, 1
;MyProject.c,117 :: 		while(PORTB.B4 == 0 && PORTB.B0 == 1){
L_interrupt31:
0x0085	0x1A06      	BTFSC      PORTB, 4
0x0086	0x288C      	GOTO       L_interrupt32
0x0087	0x1C06      	BTFSS      PORTB, 0
0x0088	0x288C      	GOTO       L_interrupt32
L__interrupt42:
;MyProject.c,118 :: 		PORTA.B0 = 1;
0x0089	0x1405      	BSF        PORTA, 0
;MyProject.c,119 :: 		PORTE.B2 = 1;
0x008A	0x1509      	BSF        PORTE, 2
;MyProject.c,120 :: 		}
0x008B	0x2885      	GOTO       L_interrupt31
L_interrupt32:
;MyProject.c,121 :: 		}
L_interrupt26:
;MyProject.c,123 :: 		}
L_end_interrupt:
L__interrupt52:
0x008C	0x0823      	MOVF       35, 0
0x008D	0x00F0      	MOVWF      R0
0x008E	0x0822      	MOVF       34, 0
0x008F	0x00FB      	MOVWF      R11
0x0090	0x0821      	MOVF       33, 0
0x0091	0x00FC      	MOVWF      R12
0x0092	0x0820      	MOVF       32, 0
0x0093	0x00FD      	MOVWF      R13
0x0094	0x0824      	MOVF       36, 0
0x0095	0x0084      	MOVWF      FSR
0x0096	0x0832      	MOVF       ___savePCLATH, 0
0x0097	0x008A      	MOVWF      PCLATH
0x0098	0x0E31      	SWAPF      ___saveSTATUS, 0
0x0099	0x0083      	MOVWF      STATUS
0x009A	0x0EFF      	SWAPF      R15, 1
0x009B	0x0E7F      	SWAPF      R15, 0
0x009C	0x0009      	RETFIE
; end of _interrupt
_Div_16x16_S_L:
;__Lib_Math.c,421 :: 		
;__Lib_Math.c,427 :: 		
0x009D	0x0D71      	RLF        R1, 0
;__Lib_Math.c,428 :: 		
0x009E	0x0DF8      	RLF        R8, 1
;__Lib_Math.c,429 :: 		
0x009F	0x0DF9      	RLF        R9, 1
;__Lib_Math.c,430 :: 		
0x00A0	0x0874      	MOVF       R4, 0
;__Lib_Math.c,431 :: 		
0x00A1	0x02F8      	SUBWF      R8, 1
;__Lib_Math.c,432 :: 		
0x00A2	0x0875      	MOVF       R5, 0
;__Lib_Math.c,433 :: 		
0x00A3	0x1C03      	BTFSS      STATUS, 0
;__Lib_Math.c,434 :: 		
0x00A4	0x0F75      	INCFSZ     R5, 0
;__Lib_Math.c,435 :: 		
0x00A5	0x02F9      	SUBWF      R9, 1
;__Lib_Math.c,436 :: 		
0x00A6	0x0DF0      	RLF        R0, 1
;__Lib_Math.c,437 :: 		
0x00A7	0x0DF1      	RLF        R1, 1
;__Lib_Math.c,439 :: 		
0x00A8	0x300F      	MOVLW      15
;__Lib_Math.c,440 :: 		
0x00A9	0x00FC      	MOVWF      R12
;__Lib_Math.c,442 :: 		
0x00AA	0x0D71      	RLF        R1, 0
;__Lib_Math.c,443 :: 		
0x00AB	0x0DF8      	RLF        R8, 1
;__Lib_Math.c,444 :: 		
0x00AC	0x0DF9      	RLF        R9, 1
;__Lib_Math.c,445 :: 		
0x00AD	0x0874      	MOVF       R4, 0
;__Lib_Math.c,447 :: 		
0x00AE	0x1C70      	BTFSS      R0, 0
;__Lib_Math.c,448 :: 		
0x00AF	0x28B6      	GOTO       $+7
;__Lib_Math.c,449 :: 		
0x00B0	0x02F8      	SUBWF      R8, 1
;__Lib_Math.c,450 :: 		
0x00B1	0x0875      	MOVF       R5, 0
;__Lib_Math.c,451 :: 		
0x00B2	0x1C03      	BTFSS      STATUS, 0
;__Lib_Math.c,452 :: 		
0x00B3	0x0F75      	INCFSZ     R5, 0
;__Lib_Math.c,453 :: 		
0x00B4	0x02F9      	SUBWF      R9, 1
;__Lib_Math.c,454 :: 		
0x00B5	0x28BB      	GOTO       $+6
;__Lib_Math.c,456 :: 		
0x00B6	0x07F8      	ADDWF      R8, 1
;__Lib_Math.c,457 :: 		
0x00B7	0x0875      	MOVF       R5, 0
;__Lib_Math.c,458 :: 		
0x00B8	0x1803      	BTFSC      STATUS, 0
;__Lib_Math.c,459 :: 		
0x00B9	0x0F75      	INCFSZ     R5, 0
;__Lib_Math.c,460 :: 		
0x00BA	0x07F9      	ADDWF      R9, 1
;__Lib_Math.c,462 :: 		
0x00BB	0x0DF0      	RLF        R0, 1
;__Lib_Math.c,463 :: 		
0x00BC	0x0DF1      	RLF        R1, 1
;__Lib_Math.c,465 :: 		
0x00BD	0x0BFC      	DECFSZ     R12, 1
;__Lib_Math.c,466 :: 		
0x00BE	0x28AA      	GOTO       $-20
;__Lib_Math.c,468 :: 		
0x00BF	0x1870      	BTFSC      R0, 0
;__Lib_Math.c,469 :: 		
0x00C0	0x28C7      	GOTO       $+7
;__Lib_Math.c,470 :: 		
0x00C1	0x0874      	MOVF       R4, 0
;__Lib_Math.c,471 :: 		
0x00C2	0x07F8      	ADDWF      R8, 1
;__Lib_Math.c,472 :: 		
0x00C3	0x0875      	MOVF       R5, 0
;__Lib_Math.c,473 :: 		
0x00C4	0x1803      	BTFSC      STATUS, 0
;__Lib_Math.c,474 :: 		
0x00C5	0x0F75      	INCFSZ     R5, 0
;__Lib_Math.c,475 :: 		
0x00C6	0x07F9      	ADDWF      R9, 1
;__Lib_Math.c,476 :: 		
0x00C7	0x0000      	NOP
;__Lib_Math.c,478 :: 		
L_end_Div_16x16_S_L:
0x00C8	0x0008      	RETURN
; end of _Div_16x16_S_L
_____DoICP:
;__Lib_System.c,6 :: 		
;__Lib_System.c,9 :: 		
0x00C9	0x1283      	BCF        STATUS, 5
0x00CA	0x1303      	BCF        STATUS, 6
0x00CB	0x0830      	MOVF       ___DoICPAddr+1, 0
0x00CC	0x008A      	MOVWF      PCLATH
;__Lib_System.c,10 :: 		
0x00CD	0x082F      	MOVF       ___DoICPAddr, 0
0x00CE	0x0082      	MOVWF      PCL
;__Lib_System.c,12 :: 		
L_end_____DoICP:
0x00CF	0x0008      	RETURN
; end of _____DoICP
_initPorts:
;MyProject.c,124 :: 		void initPorts(){
;MyProject.c,125 :: 		TRISC = 0x0;
0x00D0	0x1683      	BSF        STATUS, 5
0x00D1	0x1303      	BCF        STATUS, 6
0x00D2	0x0187      	CLRF       TRISC
;MyProject.c,126 :: 		TRISD = 0x0;
0x00D3	0x0188      	CLRF       TRISD
;MyProject.c,127 :: 		PORTC = 0x0;
0x00D4	0x1283      	BCF        STATUS, 5
0x00D5	0x0187      	CLRF       PORTC
;MyProject.c,128 :: 		PORTD = 0xff;
0x00D6	0x30FF      	MOVLW      255
0x00D7	0x0088      	MOVWF      PORTD
;MyProject.c,129 :: 		TRISB = 0x0;
0x00D8	0x1683      	BSF        STATUS, 5
0x00D9	0x0186      	CLRF       TRISB
;MyProject.c,130 :: 		PORTB = 0x0;
0x00DA	0x1283      	BCF        STATUS, 5
0x00DB	0x0186      	CLRF       PORTB
;MyProject.c,131 :: 		TRISE = 0x0;
0x00DC	0x1683      	BSF        STATUS, 5
0x00DD	0x0189      	CLRF       TRISE
;MyProject.c,132 :: 		PORTE = 0x0;
0x00DE	0x1283      	BCF        STATUS, 5
0x00DF	0x0189      	CLRF       PORTE
;MyProject.c,133 :: 		TRISA = 0x0;
0x00E0	0x1683      	BSF        STATUS, 5
0x00E1	0x0185      	CLRF       TRISA
;MyProject.c,134 :: 		PORTA = 0x0;
0x00E2	0x1283      	BCF        STATUS, 5
0x00E3	0x0185      	CLRF       PORTA
;MyProject.c,135 :: 		TRISB.B0 = 1;
0x00E4	0x1683      	BSF        STATUS, 5
0x00E5	0x1406      	BSF        TRISB, 0
;MyProject.c,136 :: 		PORTB.B0 = 0;
0x00E6	0x1283      	BCF        STATUS, 5
0x00E7	0x1006      	BCF        PORTB, 0
;MyProject.c,137 :: 		TRISB.B4 = 1;
0x00E8	0x1683      	BSF        STATUS, 5
0x00E9	0x1606      	BSF        TRISB, 4
;MyProject.c,138 :: 		PORTB.B4 = 0;
0x00EA	0x1283      	BCF        STATUS, 5
0x00EB	0x1206      	BCF        PORTB, 4
;MyProject.c,139 :: 		INTCON.GIE = 1;
0x00EC	0x178B      	BSF        INTCON, 7
;MyProject.c,140 :: 		INTCON.INTE = 1;
0x00ED	0x160B      	BSF        INTCON, 4
;MyProject.c,141 :: 		OPTION_REG.INTEDG = 1;
0x00EE	0x1683      	BSF        STATUS, 5
0x00EF	0x1701      	BSF        OPTION_REG, 6
;MyProject.c,143 :: 		}
L_end_initPorts:
0x00F0	0x0008      	RETURN
; end of _initPorts
___CC2DW:
;__Lib_System.c,134 :: 		
;__Lib_System.c,137 :: 		
_CC2D_Loop1:
;__Lib_System.c,139 :: 		
0x00F1	0x20C9      	CALL       _____DoICP
0x00F2	0x118A      	BCF        PCLATH, 3
0x00F3	0x120A      	BCF        PCLATH, 4
;__Lib_System.c,141 :: 		
0x00F4	0x0080      	MOVWF      INDF
;__Lib_System.c,142 :: 		
0x00F5	0x0A84      	INCF       FSR, 1
;__Lib_System.c,143 :: 		
0x00F6	0x0AAF      	INCF       ___DoICPAddr, 1
;__Lib_System.c,145 :: 		
0x00F7	0x1903      	BTFSC      STATUS, 2
;__Lib_System.c,146 :: 		
0x00F8	0x0AB0      	INCF       ___DoICPAddr+1, 1
;__Lib_System.c,147 :: 		
0x00F9	0x03F0      	DECF       R0, 1
;__Lib_System.c,149 :: 		
0x00FA	0x1D03      	BTFSS      STATUS, 2
;__Lib_System.c,150 :: 		
0x00FB	0x28F1      	GOTO       _CC2D_Loop1
;__Lib_System.c,152 :: 		
L_end___CC2DW:
0x00FC	0x0008      	RETURN
; end of ___CC2DW
_loopOneSec:
;MyProject.c,144 :: 		void loopOneSec(int t1, int u1, int t2, int u2){
;MyProject.c,146 :: 		for(k=0;k<25;k++)
0x00FD	0x1283      	BCF        STATUS, 5
0x00FE	0x1303      	BCF        STATUS, 6
0x00FF	0x01F1      	CLRF       R1
0x0100	0x01F2      	CLRF       R1+1
L_loopOneSec35:
0x0101	0x3080      	MOVLW      128
0x0102	0x0672      	XORWF      R1+1, 0
0x0103	0x00F0      	MOVWF      R0
0x0104	0x3080      	MOVLW      128
0x0105	0x0270      	SUBWF      R0, 0
0x0106	0x1D03      	BTFSS      STATUS, 2
0x0107	0x290A      	GOTO       L__loopOneSec57
0x0108	0x3019      	MOVLW      25
0x0109	0x0271      	SUBWF      R1, 0
L__loopOneSec57:
0x010A	0x1803      	BTFSC      STATUS, 0
0x010B	0x2950      	GOTO       L_loopOneSec36
;MyProject.c,149 :: 		PORTD.B0 = 0x0;
0x010C	0x1008      	BCF        PORTD, 0
;MyProject.c,150 :: 		PORTC = arr[t1];
0x010D	0x0841      	MOVF       FARG_loopOneSec_t1, 0
0x010E	0x3E25      	ADDLW      _arr
0x010F	0x0084      	MOVWF      FSR
0x0110	0x0800      	MOVF       INDF, 0
0x0111	0x0087      	MOVWF      PORTC
;MyProject.c,152 :: 		delay_ms(10);
0x0112	0x301A      	MOVLW      26
0x0113	0x00FC      	MOVWF      R12
0x0114	0x30F8      	MOVLW      248
0x0115	0x00FD      	MOVWF      R13
L_loopOneSec38:
0x0116	0x0BFD      	DECFSZ     R13, 1
0x0117	0x2916      	GOTO       L_loopOneSec38
0x0118	0x0BFC      	DECFSZ     R12, 1
0x0119	0x2916      	GOTO       L_loopOneSec38
0x011A	0x0000      	NOP
;MyProject.c,153 :: 		PORTD.B0 = 0xff;
0x011B	0x1408      	BSF        PORTD, 0
;MyProject.c,155 :: 		PORTD.B1 = 0x0;
0x011C	0x1088      	BCF        PORTD, 1
;MyProject.c,156 :: 		PORTC = arr[u1];
0x011D	0x0843      	MOVF       FARG_loopOneSec_u1, 0
0x011E	0x3E25      	ADDLW      _arr
0x011F	0x0084      	MOVWF      FSR
0x0120	0x0800      	MOVF       INDF, 0
0x0121	0x0087      	MOVWF      PORTC
;MyProject.c,158 :: 		delay_ms(10);
0x0122	0x301A      	MOVLW      26
0x0123	0x00FC      	MOVWF      R12
0x0124	0x30F8      	MOVLW      248
0x0125	0x00FD      	MOVWF      R13
L_loopOneSec39:
0x0126	0x0BFD      	DECFSZ     R13, 1
0x0127	0x2926      	GOTO       L_loopOneSec39
0x0128	0x0BFC      	DECFSZ     R12, 1
0x0129	0x2926      	GOTO       L_loopOneSec39
0x012A	0x0000      	NOP
;MyProject.c,159 :: 		PORTD.B1 = 0xff;
0x012B	0x1488      	BSF        PORTD, 1
;MyProject.c,162 :: 		PORTD.B2 = 0;
0x012C	0x1108      	BCF        PORTD, 2
;MyProject.c,163 :: 		PORTC = arr[t2];
0x012D	0x0845      	MOVF       FARG_loopOneSec_t2, 0
0x012E	0x3E25      	ADDLW      _arr
0x012F	0x0084      	MOVWF      FSR
0x0130	0x0800      	MOVF       INDF, 0
0x0131	0x0087      	MOVWF      PORTC
;MyProject.c,165 :: 		delay_ms(10);
0x0132	0x301A      	MOVLW      26
0x0133	0x00FC      	MOVWF      R12
0x0134	0x30F8      	MOVLW      248
0x0135	0x00FD      	MOVWF      R13
L_loopOneSec40:
0x0136	0x0BFD      	DECFSZ     R13, 1
0x0137	0x2936      	GOTO       L_loopOneSec40
0x0138	0x0BFC      	DECFSZ     R12, 1
0x0139	0x2936      	GOTO       L_loopOneSec40
0x013A	0x0000      	NOP
;MyProject.c,166 :: 		PORTD.B2 = 0xff;
0x013B	0x1508      	BSF        PORTD, 2
;MyProject.c,169 :: 		PORTD.B3 = 0;
0x013C	0x1188      	BCF        PORTD, 3
;MyProject.c,170 :: 		PORTC = arr[u2];
0x013D	0x0847      	MOVF       FARG_loopOneSec_u2, 0
0x013E	0x3E25      	ADDLW      _arr
0x013F	0x0084      	MOVWF      FSR
0x0140	0x0800      	MOVF       INDF, 0
0x0141	0x0087      	MOVWF      PORTC
;MyProject.c,172 :: 		delay_ms(10);
0x0142	0x301A      	MOVLW      26
0x0143	0x00FC      	MOVWF      R12
0x0144	0x30F8      	MOVLW      248
0x0145	0x00FD      	MOVWF      R13
L_loopOneSec41:
0x0146	0x0BFD      	DECFSZ     R13, 1
0x0147	0x2946      	GOTO       L_loopOneSec41
0x0148	0x0BFC      	DECFSZ     R12, 1
0x0149	0x2946      	GOTO       L_loopOneSec41
0x014A	0x0000      	NOP
;MyProject.c,173 :: 		PORTD.B3 = 0xff;
0x014B	0x1588      	BSF        PORTD, 3
;MyProject.c,146 :: 		for(k=0;k<25;k++)
0x014C	0x0AF1      	INCF       R1, 1
0x014D	0x1903      	BTFSC      STATUS, 2
0x014E	0x0AF2      	INCF       R1+1, 1
;MyProject.c,176 :: 		}
0x014F	0x2901      	GOTO       L_loopOneSec35
L_loopOneSec36:
;MyProject.c,177 :: 		}
L_end_loopOneSec:
0x0150	0x0008      	RETURN
; end of _loopOneSec
_Div_16x16_S:
;__Lib_Math.c,480 :: 		
;__Lib_Math.c,488 :: 		
0x0151	0x1283      	BCF        STATUS, 5
0x0152	0x1303      	BCF        STATUS, 6
0x0153	0x0874      	MOVF       R4, 0
0x0154	0x3A00      	XORLW      0
0x0155	0x1D03      	BTFSS      STATUS, 2
0x0156	0x2960      	GOTO       L_Div_16x16_S0
;__Lib_Math.c,489 :: 		
0x0157	0x0875      	MOVF       R5, 0
0x0158	0x3A00      	XORLW      0
0x0159	0x1D03      	BTFSS      STATUS, 2
0x015A	0x2960      	GOTO       L_Div_16x16_S1
;__Lib_Math.c,490 :: 		
0x015B	0x30FF      	MOVLW      255
0x015C	0x00F0      	MOVWF      R0
;__Lib_Math.c,491 :: 		
0x015D	0x307F      	MOVLW      127
0x015E	0x00F1      	MOVWF      R1
;__Lib_Math.c,492 :: 		
0x015F	0x29B9      	GOTO       L_end_Div_16x16_S
;__Lib_Math.c,493 :: 		
L_Div_16x16_S1:
L_Div_16x16_S0:
;__Lib_Math.c,496 :: 		
0x0160	0x1283      	BCF        STATUS, 5
;__Lib_Math.c,497 :: 		
0x0161	0x1303      	BCF        STATUS, 6
;__Lib_Math.c,498 :: 		
0x0162	0x01FD      	CLRF       R13
;__Lib_Math.c,499 :: 		
0x0163	0x01F9      	CLRF       R9
;__Lib_Math.c,500 :: 		
0x0164	0x01F8      	CLRF       R8
;__Lib_Math.c,501 :: 		
0x0165	0x0871      	MOVF       R1, 0
;__Lib_Math.c,502 :: 		
0x0166	0x0470      	IORWF      R0, 0
;__Lib_Math.c,503 :: 		
0x0167	0x1903      	BTFSC      STATUS, 2
;__Lib_Math.c,504 :: 		
0x0168	0x3400      	RETLW      0
;__Lib_Math.c,506 :: 		
0x0169	0x0871      	MOVF       R1, 0
;__Lib_Math.c,507 :: 		
0x016A	0x0675      	XORWF      R5, 0
;__Lib_Math.c,508 :: 		
0x016B	0x00FA      	MOVWF      R10
;__Lib_Math.c,509 :: 		
0x016C	0x1BFA      	BTFSC      R10, 7
;__Lib_Math.c,510 :: 		
0x016D	0x09FD      	COMF       R13, 1
;__Lib_Math.c,512 :: 		
0x016E	0x01FB      	CLRF       R11
;__Lib_Math.c,514 :: 		
0x016F	0x1FF5      	BTFSS      R5, 7
;__Lib_Math.c,515 :: 		
0x0170	0x2976      	GOTO       $+6
;__Lib_Math.c,517 :: 		
0x0171	0x09F4      	COMF       R4, 1
;__Lib_Math.c,518 :: 		
0x0172	0x09F5      	COMF       R5, 1
;__Lib_Math.c,519 :: 		
0x0173	0x0AF4      	INCF       R4, 1
;__Lib_Math.c,520 :: 		
0x0174	0x1903      	BTFSC      STATUS, 2
;__Lib_Math.c,521 :: 		
0x0175	0x0AF5      	INCF       R5, 1
;__Lib_Math.c,523 :: 		
0x0176	0x1FF1      	BTFSS      R1, 7
;__Lib_Math.c,524 :: 		
0x0177	0x297D      	GOTO       $+6
;__Lib_Math.c,526 :: 		
0x0178	0x09F0      	COMF       R0, 1
;__Lib_Math.c,527 :: 		
0x0179	0x09F1      	COMF       R1, 1
;__Lib_Math.c,528 :: 		
0x017A	0x0AF0      	INCF       R0, 1
;__Lib_Math.c,529 :: 		
0x017B	0x1903      	BTFSC      STATUS, 2
;__Lib_Math.c,530 :: 		
0x017C	0x0AF1      	INCF       R1, 1
;__Lib_Math.c,532 :: 		
0x017D	0x0871      	MOVF       R1, 0
;__Lib_Math.c,533 :: 		
0x017E	0x0475      	IORWF      R5, 0
;__Lib_Math.c,534 :: 		
0x017F	0x00FA      	MOVWF      R10
;__Lib_Math.c,535 :: 		
0x0180	0x1BFA      	BTFSC      R10, 7
;__Lib_Math.c,536 :: 		
0x0181	0x2992      	GOTO       $+17
;__Lib_Math.c,538 :: 		
0x0182	0x209D      	CALL       _Div_16x16_S_L
;__Lib_Math.c,540 :: 		
0x0183	0x187B      	BTFSC      R11, 0
;__Lib_Math.c,541 :: 		
0x0184	0x29A5      	GOTO       $+33
;__Lib_Math.c,543 :: 		
0x0185	0x1FFD      	BTFSS      R13, 7
;__Lib_Math.c,544 :: 		
0x0186	0x3400      	RETLW      0
;__Lib_Math.c,546 :: 		
0x0187	0x09F0      	COMF       R0, 1
;__Lib_Math.c,547 :: 		
0x0188	0x09F1      	COMF       R1, 1
;__Lib_Math.c,548 :: 		
0x0189	0x0AF0      	INCF       R0, 1
;__Lib_Math.c,549 :: 		
0x018A	0x1903      	BTFSC      STATUS, 2
;__Lib_Math.c,550 :: 		
0x018B	0x0AF1      	INCF       R1, 1
;__Lib_Math.c,552 :: 		
0x018C	0x09F8      	COMF       R8, 1
;__Lib_Math.c,553 :: 		
0x018D	0x09F9      	COMF       R9, 1
;__Lib_Math.c,554 :: 		
0x018E	0x0AF8      	INCF       R8, 1
;__Lib_Math.c,555 :: 		
0x018F	0x1903      	BTFSC      STATUS, 2
;__Lib_Math.c,556 :: 		
0x0190	0x0AF9      	INCF       R9, 1
;__Lib_Math.c,558 :: 		
0x0191	0x3400      	RETLW      0
;__Lib_Math.c,560 :: 		
0x0192	0x1FF5      	BTFSS      R5, 7
;__Lib_Math.c,561 :: 		
0x0193	0x29A1      	GOTO       $+14
;__Lib_Math.c,562 :: 		
0x0194	0x1BF1      	BTFSC      R1, 7
;__Lib_Math.c,563 :: 		
0x0195	0x299D      	GOTO       $+8
;__Lib_Math.c,564 :: 		
0x0196	0x0871      	MOVF       R1, 0
;__Lib_Math.c,565 :: 		
0x0197	0x00F9      	MOVWF      R9
;__Lib_Math.c,566 :: 		
0x0198	0x0870      	MOVF       R0, 0
;__Lib_Math.c,567 :: 		
0x0199	0x00F8      	MOVWF      R8
;__Lib_Math.c,568 :: 		
0x019A	0x01F1      	CLRF       R1
;__Lib_Math.c,569 :: 		
0x019B	0x01F0      	CLRF       R0
;__Lib_Math.c,570 :: 		
0x019C	0x2985      	GOTO       $-23
;__Lib_Math.c,571 :: 		
0x019D	0x01F1      	CLRF       R1
;__Lib_Math.c,572 :: 		
0x019E	0x01F0      	CLRF       R0
;__Lib_Math.c,573 :: 		
0x019F	0x0AF0      	INCF       R0, 1
;__Lib_Math.c,574 :: 		
0x01A0	0x3400      	RETLW      0
;__Lib_Math.c,576 :: 		
0x01A1	0x09F1      	COMF       R1, 1
;__Lib_Math.c,577 :: 		
0x01A2	0x09F0      	COMF       R0, 1
;__Lib_Math.c,578 :: 		
0x01A3	0x0AFB      	INCF       R11, 1
;__Lib_Math.c,579 :: 		
0x01A4	0x2982      	GOTO       $-34
;__Lib_Math.c,581 :: 		
0x01A5	0x0AF8      	INCF       R8, 1
;__Lib_Math.c,582 :: 		
0x01A6	0x1903      	BTFSC      STATUS, 2
;__Lib_Math.c,583 :: 		
0x01A7	0x0AF9      	INCF       R9, 1
;__Lib_Math.c,584 :: 		
0x01A8	0x0874      	MOVF       R4, 0
;__Lib_Math.c,585 :: 		
0x01A9	0x0278      	SUBWF      R8, 0
;__Lib_Math.c,586 :: 		
0x01AA	0x1D03      	BTFSS      STATUS, 2
;__Lib_Math.c,587 :: 		
0x01AB	0x2985      	GOTO       $-38
;__Lib_Math.c,588 :: 		
0x01AC	0x0875      	MOVF       R5, 0
;__Lib_Math.c,589 :: 		
0x01AD	0x0279      	SUBWF      R9, 0
;__Lib_Math.c,590 :: 		
0x01AE	0x1D03      	BTFSS      STATUS, 2
;__Lib_Math.c,591 :: 		
0x01AF	0x2985      	GOTO       $-42
;__Lib_Math.c,592 :: 		
0x01B0	0x01F9      	CLRF       R9
;__Lib_Math.c,593 :: 		
0x01B1	0x01F8      	CLRF       R8
;__Lib_Math.c,594 :: 		
0x01B2	0x0AF0      	INCF       R0, 1
;__Lib_Math.c,595 :: 		
0x01B3	0x1903      	BTFSC      STATUS, 2
;__Lib_Math.c,596 :: 		
0x01B4	0x0AF1      	INCF       R1, 1
;__Lib_Math.c,597 :: 		
0x01B5	0x1FF1      	BTFSS      R1, 7
;__Lib_Math.c,598 :: 		
0x01B6	0x2985      	GOTO       $-49
;__Lib_Math.c,599 :: 		
0x01B7	0x0000      	NOP
;__Lib_Math.c,600 :: 		
0x01B8	0x34FF      	RETLW      255
;__Lib_Math.c,602 :: 		
L_end_Div_16x16_S:
0x01B9	0x0008      	RETURN
; end of _Div_16x16_S
_main:
0x01BA	0x30BF      	MOVLW      191
0x01BB	0x1283      	BCF        STATUS, 5
0x01BC	0x1303      	BCF        STATUS, 6
0x01BD	0x00A5      	MOVWF      _arr
0x01BE	0x3086      	MOVLW      134
0x01BF	0x00A6      	MOVWF      38
0x01C0	0x30DB      	MOVLW      219
0x01C1	0x00A7      	MOVWF      39
0x01C2	0x30CF      	MOVLW      207
0x01C3	0x00A8      	MOVWF      40
0x01C4	0x30E6      	MOVLW      230
0x01C5	0x00A9      	MOVWF      41
0x01C6	0x30ED      	MOVLW      237
0x01C7	0x00AA      	MOVWF      42
0x01C8	0x30FD      	MOVLW      253
0x01C9	0x00AB      	MOVWF      43
0x01CA	0x3087      	MOVLW      135
0x01CB	0x00AC      	MOVWF      44
0x01CC	0x30FF      	MOVLW      255
0x01CD	0x00AD      	MOVWF      45
0x01CE	0x30EF      	MOVLW      239
0x01CF	0x00AE      	MOVWF      46
;MyProject.c,6 :: 		void main() {
;MyProject.c,9 :: 		initPorts();
0x01D0	0x20D0      	CALL       _initPorts
;MyProject.c,11 :: 		while(1)
L_main0:
;MyProject.c,14 :: 		for(i=15;i>0;i--)
0x01D1	0x300F      	MOVLW      15
0x01D2	0x1283      	BCF        STATUS, 5
0x01D3	0x00B7      	MOVWF      main_i_L0
0x01D4	0x3000      	MOVLW      0
0x01D5	0x00B8      	MOVWF      main_i_L0+1
L_main2:
0x01D6	0x3080      	MOVLW      128
0x01D7	0x00F0      	MOVWF      R0
0x01D8	0x3080      	MOVLW      128
0x01D9	0x0638      	XORWF      main_i_L0+1, 0
0x01DA	0x0270      	SUBWF      R0, 0
0x01DB	0x1D03      	BTFSS      STATUS, 2
0x01DC	0x29DF      	GOTO       L__main45
0x01DD	0x0837      	MOVF       main_i_L0, 0
0x01DE	0x3C00      	SUBLW      0
L__main45:
0x01DF	0x1803      	BTFSC      STATUS, 0
0x01E0	0x2A57      	GOTO       L_main3
;MyProject.c,18 :: 		if(i>3)j=i-3;
0x01E1	0x3080      	MOVLW      128
0x01E2	0x00F0      	MOVWF      R0
0x01E3	0x3080      	MOVLW      128
0x01E4	0x0638      	XORWF      main_i_L0+1, 0
0x01E5	0x0270      	SUBWF      R0, 0
0x01E6	0x1D03      	BTFSS      STATUS, 2
0x01E7	0x29EA      	GOTO       L__main46
0x01E8	0x0837      	MOVF       main_i_L0, 0
0x01E9	0x3C03      	SUBLW      3
L__main46:
0x01EA	0x1803      	BTFSC      STATUS, 0
0x01EB	0x29F5      	GOTO       L_main5
0x01EC	0x3003      	MOVLW      3
0x01ED	0x0237      	SUBWF      main_i_L0, 0
0x01EE	0x00B3      	MOVWF      main_j_L2
0x01EF	0x3000      	MOVLW      0
0x01F0	0x1C03      	BTFSS      STATUS, 0
0x01F1	0x3E01      	ADDLW      1
0x01F2	0x0238      	SUBWF      main_i_L0+1, 0
0x01F3	0x00B4      	MOVWF      main_j_L2+1
0x01F4	0x29F9      	GOTO       L_main6
L_main5:
;MyProject.c,19 :: 		else j=i;
0x01F5	0x0837      	MOVF       main_i_L0, 0
0x01F6	0x00B3      	MOVWF      main_j_L2
0x01F7	0x0838      	MOVF       main_i_L0+1, 0
0x01F8	0x00B4      	MOVWF      main_j_L2+1
L_main6:
;MyProject.c,20 :: 		PORTE.B1 = 0;
0x01F9	0x1089      	BCF        PORTE, 1
;MyProject.c,21 :: 		PORTE.B2=1;
0x01FA	0x1509      	BSF        PORTE, 2
;MyProject.c,22 :: 		if(i>3){
0x01FB	0x3080      	MOVLW      128
0x01FC	0x00F0      	MOVWF      R0
0x01FD	0x3080      	MOVLW      128
0x01FE	0x0638      	XORWF      main_i_L0+1, 0
0x01FF	0x0270      	SUBWF      R0, 0
0x0200	0x1D03      	BTFSS      STATUS, 2
0x0201	0x2A04      	GOTO       L__main47
0x0202	0x0837      	MOVF       main_i_L0, 0
0x0203	0x3C03      	SUBLW      3
L__main47:
0x0204	0x1803      	BTFSC      STATUS, 0
0x0205	0x2A08      	GOTO       L_main7
;MyProject.c,23 :: 		PORTA.B0 = 1;
0x0206	0x1405      	BSF        PORTA, 0
;MyProject.c,24 :: 		}else{
0x0207	0x2A09      	GOTO       L_main8
L_main7:
;MyProject.c,25 :: 		PORTA.B1 = 1;
0x0208	0x1485      	BSF        PORTA, 1
;MyProject.c,26 :: 		}
L_main8:
;MyProject.c,28 :: 		tens1 = i/10;
0x0209	0x300A      	MOVLW      10
0x020A	0x00F4      	MOVWF      R4
0x020B	0x3000      	MOVLW      0
0x020C	0x00F5      	MOVWF      R4+1
0x020D	0x0837      	MOVF       main_i_L0, 0
0x020E	0x00F0      	MOVWF      R0
0x020F	0x0838      	MOVF       main_i_L0+1, 0
0x0210	0x00F1      	MOVWF      R0+1
0x0211	0x2151      	CALL       _Div_16x16_S
0x0212	0x0870      	MOVF       R0, 0
0x0213	0x00BF      	MOVWF      FLOC__main+4
0x0214	0x0871      	MOVF       R0+1, 0
0x0215	0x00C0      	MOVWF      FLOC__main+5
0x0216	0x300A      	MOVLW      10
0x0217	0x00F4      	MOVWF      R4
0x0218	0x3000      	MOVLW      0
0x0219	0x00F5      	MOVWF      R4+1
0x021A	0x0837      	MOVF       main_i_L0, 0
0x021B	0x00F0      	MOVWF      R0
0x021C	0x0838      	MOVF       main_i_L0+1, 0
0x021D	0x00F1      	MOVWF      R0+1
0x021E	0x2151      	CALL       _Div_16x16_S
0x021F	0x0878      	MOVF       R8, 0
0x0220	0x00F0      	MOVWF      R0
0x0221	0x0879      	MOVF       R8+1, 0
0x0222	0x00F1      	MOVWF      R0+1
0x0223	0x0870      	MOVF       R0, 0
0x0224	0x00BD      	MOVWF      FLOC__main+2
0x0225	0x0871      	MOVF       R0+1, 0
0x0226	0x00BE      	MOVWF      FLOC__main+3
0x0227	0x300A      	MOVLW      10
0x0228	0x00F4      	MOVWF      R4
0x0229	0x3000      	MOVLW      0
0x022A	0x00F5      	MOVWF      R4+1
0x022B	0x0833      	MOVF       main_j_L2, 0
0x022C	0x00F0      	MOVWF      R0
0x022D	0x0834      	MOVF       main_j_L2+1, 0
0x022E	0x00F1      	MOVWF      R0+1
0x022F	0x2151      	CALL       _Div_16x16_S
0x0230	0x0870      	MOVF       R0, 0
0x0231	0x00BB      	MOVWF      FLOC__main
0x0232	0x0871      	MOVF       R0+1, 0
0x0233	0x00BC      	MOVWF      FLOC__main+1
0x0234	0x300A      	MOVLW      10
0x0235	0x00F4      	MOVWF      R4
0x0236	0x3000      	MOVLW      0
0x0237	0x00F5      	MOVWF      R4+1
0x0238	0x0833      	MOVF       main_j_L2, 0
0x0239	0x00F0      	MOVWF      R0
0x023A	0x0834      	MOVF       main_j_L2+1, 0
0x023B	0x00F1      	MOVWF      R0+1
0x023C	0x2151      	CALL       _Div_16x16_S
0x023D	0x0878      	MOVF       R8, 0
0x023E	0x00F0      	MOVWF      R0
0x023F	0x0879      	MOVF       R8+1, 0
0x0240	0x00F1      	MOVWF      R0+1
;MyProject.c,33 :: 		loopOneSec(tens1,units1,tens2,units2);
0x0241	0x083F      	MOVF       FLOC__main+4, 0
0x0242	0x00C1      	MOVWF      FARG_loopOneSec_t1
0x0243	0x0840      	MOVF       FLOC__main+5, 0
0x0244	0x00C2      	MOVWF      FARG_loopOneSec_t1+1
0x0245	0x083D      	MOVF       FLOC__main+2, 0
0x0246	0x00C3      	MOVWF      FARG_loopOneSec_u1
0x0247	0x083E      	MOVF       FLOC__main+3, 0
0x0248	0x00C4      	MOVWF      FARG_loopOneSec_u1+1
0x0249	0x083B      	MOVF       FLOC__main, 0
0x024A	0x00C5      	MOVWF      FARG_loopOneSec_t2
0x024B	0x083C      	MOVF       FLOC__main+1, 0
0x024C	0x00C6      	MOVWF      FARG_loopOneSec_t2+1
0x024D	0x0870      	MOVF       R0, 0
0x024E	0x00C7      	MOVWF      FARG_loopOneSec_u2
0x024F	0x0871      	MOVF       R0+1, 0
0x0250	0x00C8      	MOVWF      FARG_loopOneSec_u2+1
0x0251	0x20FD      	CALL       _loopOneSec
;MyProject.c,14 :: 		for(i=15;i>0;i--)
0x0252	0x3001      	MOVLW      1
0x0253	0x02B7      	SUBWF      main_i_L0, 1
0x0254	0x1C03      	BTFSS      STATUS, 0
0x0255	0x03B8      	DECF       main_i_L0+1, 1
;MyProject.c,35 :: 		}
0x0256	0x29D6      	GOTO       L_main2
L_main3:
;MyProject.c,37 :: 		for(j=23;j>0;j--)
0x0257	0x3017      	MOVLW      23
0x0258	0x00B9      	MOVWF      main_j_L0
0x0259	0x3000      	MOVLW      0
0x025A	0x00BA      	MOVWF      main_j_L0+1
L_main9:
0x025B	0x3080      	MOVLW      128
0x025C	0x00F0      	MOVWF      R0
0x025D	0x3080      	MOVLW      128
0x025E	0x063A      	XORWF      main_j_L0+1, 0
0x025F	0x0270      	SUBWF      R0, 0
0x0260	0x1D03      	BTFSS      STATUS, 2
0x0261	0x2A64      	GOTO       L__main48
0x0262	0x0839      	MOVF       main_j_L0, 0
0x0263	0x3C00      	SUBLW      0
L__main48:
0x0264	0x1803      	BTFSC      STATUS, 0
0x0265	0x2ADE      	GOTO       L_main10
;MyProject.c,41 :: 		if(j>3)i=j-3;
0x0266	0x3080      	MOVLW      128
0x0267	0x00F0      	MOVWF      R0
0x0268	0x3080      	MOVLW      128
0x0269	0x063A      	XORWF      main_j_L0+1, 0
0x026A	0x0270      	SUBWF      R0, 0
0x026B	0x1D03      	BTFSS      STATUS, 2
0x026C	0x2A6F      	GOTO       L__main49
0x026D	0x0839      	MOVF       main_j_L0, 0
0x026E	0x3C03      	SUBLW      3
L__main49:
0x026F	0x1803      	BTFSC      STATUS, 0
0x0270	0x2A7A      	GOTO       L_main12
0x0271	0x3003      	MOVLW      3
0x0272	0x0239      	SUBWF      main_j_L0, 0
0x0273	0x00B5      	MOVWF      main_i_L2
0x0274	0x3000      	MOVLW      0
0x0275	0x1C03      	BTFSS      STATUS, 0
0x0276	0x3E01      	ADDLW      1
0x0277	0x023A      	SUBWF      main_j_L0+1, 0
0x0278	0x00B6      	MOVWF      main_i_L2+1
0x0279	0x2A7E      	GOTO       L_main13
L_main12:
;MyProject.c,42 :: 		else i=j;
0x027A	0x0839      	MOVF       main_j_L0, 0
0x027B	0x00B5      	MOVWF      main_i_L2
0x027C	0x083A      	MOVF       main_j_L0+1, 0
0x027D	0x00B6      	MOVWF      main_i_L2+1
L_main13:
;MyProject.c,43 :: 		PORTE.B2 = 0;
0x027E	0x1109      	BCF        PORTE, 2
;MyProject.c,44 :: 		PORTA.B1 = 0;
0x027F	0x1085      	BCF        PORTA, 1
;MyProject.c,45 :: 		PORTA.B2 = 1;
0x0280	0x1505      	BSF        PORTA, 2
;MyProject.c,46 :: 		if(j>3){
0x0281	0x3080      	MOVLW      128
0x0282	0x00F0      	MOVWF      R0
0x0283	0x3080      	MOVLW      128
0x0284	0x063A      	XORWF      main_j_L0+1, 0
0x0285	0x0270      	SUBWF      R0, 0
0x0286	0x1D03      	BTFSS      STATUS, 2
0x0287	0x2A8A      	GOTO       L__main50
0x0288	0x0839      	MOVF       main_j_L0, 0
0x0289	0x3C03      	SUBLW      3
L__main50:
0x028A	0x1803      	BTFSC      STATUS, 0
0x028B	0x2A8E      	GOTO       L_main14
;MyProject.c,47 :: 		PORTE.B0 = 1;
0x028C	0x1409      	BSF        PORTE, 0
;MyProject.c,48 :: 		}else{
0x028D	0x2A90      	GOTO       L_main15
L_main14:
;MyProject.c,49 :: 		PORTE.B0 = 0;
0x028E	0x1009      	BCF        PORTE, 0
;MyProject.c,50 :: 		PORTE.B1 = 1;
0x028F	0x1489      	BSF        PORTE, 1
;MyProject.c,51 :: 		}
L_main15:
;MyProject.c,52 :: 		tens1 = i/10;
0x0290	0x300A      	MOVLW      10
0x0291	0x00F4      	MOVWF      R4
0x0292	0x3000      	MOVLW      0
0x0293	0x00F5      	MOVWF      R4+1
0x0294	0x0835      	MOVF       main_i_L2, 0
0x0295	0x00F0      	MOVWF      R0
0x0296	0x0836      	MOVF       main_i_L2+1, 0
0x0297	0x00F1      	MOVWF      R0+1
0x0298	0x2151      	CALL       _Div_16x16_S
0x0299	0x0870      	MOVF       R0, 0
0x029A	0x00BF      	MOVWF      FLOC__main+4
0x029B	0x0871      	MOVF       R0+1, 0
0x029C	0x00C0      	MOVWF      FLOC__main+5
0x029D	0x300A      	MOVLW      10
0x029E	0x00F4      	MOVWF      R4
0x029F	0x3000      	MOVLW      0
0x02A0	0x00F5      	MOVWF      R4+1
0x02A1	0x0835      	MOVF       main_i_L2, 0
0x02A2	0x00F0      	MOVWF      R0
0x02A3	0x0836      	MOVF       main_i_L2+1, 0
0x02A4	0x00F1      	MOVWF      R0+1
0x02A5	0x2151      	CALL       _Div_16x16_S
0x02A6	0x0878      	MOVF       R8, 0
0x02A7	0x00F0      	MOVWF      R0
0x02A8	0x0879      	MOVF       R8+1, 0
0x02A9	0x00F1      	MOVWF      R0+1
0x02AA	0x0870      	MOVF       R0, 0
0x02AB	0x00BD      	MOVWF      FLOC__main+2
0x02AC	0x0871      	MOVF       R0+1, 0
0x02AD	0x00BE      	MOVWF      FLOC__main+3
0x02AE	0x300A      	MOVLW      10
0x02AF	0x00F4      	MOVWF      R4
0x02B0	0x3000      	MOVLW      0
0x02B1	0x00F5      	MOVWF      R4+1
0x02B2	0x0839      	MOVF       main_j_L0, 0
0x02B3	0x00F0      	MOVWF      R0
0x02B4	0x083A      	MOVF       main_j_L0+1, 0
0x02B5	0x00F1      	MOVWF      R0+1
0x02B6	0x2151      	CALL       _Div_16x16_S
0x02B7	0x0870      	MOVF       R0, 0
0x02B8	0x00BB      	MOVWF      FLOC__main
0x02B9	0x0871      	MOVF       R0+1, 0
0x02BA	0x00BC      	MOVWF      FLOC__main+1
0x02BB	0x300A      	MOVLW      10
0x02BC	0x00F4      	MOVWF      R4
0x02BD	0x3000      	MOVLW      0
0x02BE	0x00F5      	MOVWF      R4+1
0x02BF	0x0839      	MOVF       main_j_L0, 0
0x02C0	0x00F0      	MOVWF      R0
0x02C1	0x083A      	MOVF       main_j_L0+1, 0
0x02C2	0x00F1      	MOVWF      R0+1
0x02C3	0x2151      	CALL       _Div_16x16_S
0x02C4	0x0878      	MOVF       R8, 0
0x02C5	0x00F0      	MOVWF      R0
0x02C6	0x0879      	MOVF       R8+1, 0
0x02C7	0x00F1      	MOVWF      R0+1
;MyProject.c,56 :: 		loopOneSec(tens1,units1,tens2,units2);
0x02C8	0x083F      	MOVF       FLOC__main+4, 0
0x02C9	0x00C1      	MOVWF      FARG_loopOneSec_t1
0x02CA	0x0840      	MOVF       FLOC__main+5, 0
0x02CB	0x00C2      	MOVWF      FARG_loopOneSec_t1+1
0x02CC	0x083D      	MOVF       FLOC__main+2, 0
0x02CD	0x00C3      	MOVWF      FARG_loopOneSec_u1
0x02CE	0x083E      	MOVF       FLOC__main+3, 0
0x02CF	0x00C4      	MOVWF      FARG_loopOneSec_u1+1
0x02D0	0x083B      	MOVF       FLOC__main, 0
0x02D1	0x00C5      	MOVWF      FARG_loopOneSec_t2
0x02D2	0x083C      	MOVF       FLOC__main+1, 0
0x02D3	0x00C6      	MOVWF      FARG_loopOneSec_t2+1
0x02D4	0x0870      	MOVF       R0, 0
0x02D5	0x00C7      	MOVWF      FARG_loopOneSec_u2
0x02D6	0x0871      	MOVF       R0+1, 0
0x02D7	0x00C8      	MOVWF      FARG_loopOneSec_u2+1
0x02D8	0x20FD      	CALL       _loopOneSec
;MyProject.c,37 :: 		for(j=23;j>0;j--)
0x02D9	0x3001      	MOVLW      1
0x02DA	0x02B9      	SUBWF      main_j_L0, 1
0x02DB	0x1C03      	BTFSS      STATUS, 0
0x02DC	0x03BA      	DECF       main_j_L0+1, 1
;MyProject.c,57 :: 		}
0x02DD	0x2A5B      	GOTO       L_main9
L_main10:
;MyProject.c,59 :: 		}
0x02DE	0x29D1      	GOTO       L_main0
;MyProject.c,60 :: 		}
L_end_main:
0x02DF	0x2ADF      	GOTO       $+0
; end of _main
Symbol List:
//** Routines locations **
//ADDRESS    SIZE    PROCEDURE
//----------------------------------------------
0x0004     [153]    _interrupt
0x009D      [44]    _Div_16x16_S_L
0x00C9       [7]    _____DoICP
0x00D0      [33]    _initPorts
0x00F1      [12]    ___CC2DW
0x00FD      [84]    _loopOneSec
0x0151     [105]    _Div_16x16_S
0x01BA     [294]    _main
//** Variables locations ** 
//ADDRESS    SIZE    VARIABLE
//----------------------------------------------
0x0000       [1]    INDF
0x0002       [1]    PCL
0x0003       [1]    STATUS
0x0004       [1]    FSR
0x0005       [1]    PORTA
0x0006       [1]    PORTB
0x0007       [1]    PORTC
0x0008       [1]    PORTD
0x0009       [1]    PORTE
0x000A       [1]    PCLATH
0x000B       [1]    INTCON
0x0025      [10]    _arr
0x002F       [2]    ___DoICPAddr
0x0031       [1]    ___saveSTATUS
0x0032       [1]    ___savePCLATH
0x0033       [2]    main_j_L2
0x0035       [2]    main_i_L2
0x0037       [2]    main_i_L0
0x0039       [2]    main_j_L0
0x003B       [6]    FLOC__main
0x0041       [2]    FARG_loopOneSec_t1
0x0043       [2]    FARG_loopOneSec_u1
0x0045       [2]    FARG_loopOneSec_t2
0x0047       [2]    FARG_loopOneSec_u2
0x0049       [2]    interrupt_c_L1
0x004B       [2]    interrupt_c_L1_L1
0x0070       [1]    R0
0x0071       [1]    R1
0x0072       [1]    R2
0x0073       [1]    R3
0x0074       [1]    R4
0x0075       [1]    R5
0x0076       [1]    R6
0x0077       [1]    R7
0x0078       [1]    R8
0x0079       [1]    R9
0x007A       [1]    R10
0x007B       [1]    R11
0x007C       [1]    R12
0x007D       [1]    R13
0x007E       [1]    R14
0x007F       [1]    R15
0x0081       [1]    OPTION_REG
0x0085       [1]    TRISA
0x0086       [1]    TRISB
0x0087       [1]    TRISC
0x0088       [1]    TRISD
0x0089       [1]    TRISE
